2017-09-21 09:54:58,462 [6] ERROR Gradual.Spider.PostTradingClientEngine.App_Codigo.ConfiguracoesValidadas - Erro [Erro de configuração: Valor registrado no web.config para 'IdSistemaMDS' está vazio ou nulo.] em ConfiguracoesValidadas.Iniciar()
    >>Stack:
   at Gradual.Spider.PostTradingClientEngine.App_Codigo.ConfiguracoesValidadas.Iniciar() in c:\Dev\Gradual\Gradual.Spider\Gradual.Spider.WebPositionClient\Gradual.Spider.PostTradingClientEngine\App_Codigo\ConfiguracoesValidadas.cs:line 308
2017-09-21 09:54:58,477 [6] INFO  Gradual.OMS.Library.Servicos.ServicoHost - *** Todos os serviços parados ***
2017-09-21 09:55:02,073 [6] INFO  Gradual.OMS.Library.Servicos.Ativador - Ativador.Get<Gradual.OMS.Seguranca.Lib.IServicoSeguranca>()
2017-09-21 09:55:02,074 [6] INFO  Gradual.OMS.Library.Servicos.Ativador - Buscando informacoes do servico Gradual.OMS.Seguranca.Lib.IServicoSeguranca no localizador
2017-09-21 09:55:02,336 [6] INFO  Gradual.OMS.Library.Servicos.Ativador - Armazenando informacoes do servico Gradual.OMS.Seguranca.Lib.IServicoSeguranca no cache
2017-09-21 09:55:03,092 [6] INFO  Gradual.OMS.Library.Servicos.Ativador - Setando MaxItemsInObjectGraph para operacao: AutenticarUsuario
2017-09-21 09:55:03,092 [6] INFO  Gradual.OMS.Library.Servicos.Ativador - Setando MaxItemsInObjectGraph para operacao: VerificarPermissao
2017-09-21 09:55:03,092 [6] INFO  Gradual.OMS.Library.Servicos.Ativador - Setando MaxItemsInObjectGraph para operacao: ListarPermissoes
2017-09-21 09:55:03,092 [6] INFO  Gradual.OMS.Library.Servicos.Ativador - Setando MaxItemsInObjectGraph para operacao: AssociarPermissao
2017-09-21 09:55:03,092 [6] INFO  Gradual.OMS.Library.Servicos.Ativador - Setando MaxItemsInObjectGraph para operacao: ValidarItemSeguranca
2017-09-21 09:55:03,092 [6] INFO  Gradual.OMS.Library.Servicos.Ativador - Setando MaxItemsInObjectGraph para operacao: SalvarPermissoes
2017-09-21 09:55:03,092 [6] INFO  Gradual.OMS.Library.Servicos.Ativador - Setando MaxItemsInObjectGraph para operacao: SalvarPermissao
2017-09-21 09:55:03,092 [6] INFO  Gradual.OMS.Library.Servicos.Ativador - Setando MaxItemsInObjectGraph para operacao: ReceberPermissao
2017-09-21 09:55:03,092 [6] INFO  Gradual.OMS.Library.Servicos.Ativador - Setando MaxItemsInObjectGraph para operacao: SalvarUsuario
2017-09-21 09:55:03,092 [6] INFO  Gradual.OMS.Library.Servicos.Ativador - Setando MaxItemsInObjectGraph para operacao: ListarUsuarios
2017-09-21 09:55:03,092 [6] INFO  Gradual.OMS.Library.Servicos.Ativador - Setando MaxItemsInObjectGraph para operacao: ReceberUsuario
2017-09-21 09:55:03,092 [6] INFO  Gradual.OMS.Library.Servicos.Ativador - Setando MaxItemsInObjectGraph para operacao: RemoverUsuario
2017-09-21 09:55:03,092 [6] INFO  Gradual.OMS.Library.Servicos.Ativador - Setando MaxItemsInObjectGraph para operacao: ValidarAssinaturaEletronica
2017-09-21 09:55:03,092 [6] INFO  Gradual.OMS.Library.Servicos.Ativador - Setando MaxItemsInObjectGraph para operacao: AlterarAssinaturaEletronica
2017-09-21 09:55:03,092 [6] INFO  Gradual.OMS.Library.Servicos.Ativador - Setando MaxItemsInObjectGraph para operacao: AlterarSenha
2017-09-21 09:55:03,092 [6] INFO  Gradual.OMS.Library.Servicos.Ativador - Setando MaxItemsInObjectGraph para operacao: SalvarUsuarioGrupo
2017-09-21 09:55:03,092 [6] INFO  Gradual.OMS.Library.Servicos.Ativador - Setando MaxItemsInObjectGraph para operacao: ListarUsuarioGrupos
2017-09-21 09:55:03,092 [6] INFO  Gradual.OMS.Library.Servicos.Ativador - Setando MaxItemsInObjectGraph para operacao: AssociarUsuarioGrupo
2017-09-21 09:55:03,092 [6] INFO  Gradual.OMS.Library.Servicos.Ativador - Setando MaxItemsInObjectGraph para operacao: ReceberUsuarioGrupo
2017-09-21 09:55:03,093 [6] INFO  Gradual.OMS.Library.Servicos.Ativador - Setando MaxItemsInObjectGraph para operacao: RemoverUsuarioGrupo
2017-09-21 09:55:03,093 [6] INFO  Gradual.OMS.Library.Servicos.Ativador - Setando MaxItemsInObjectGraph para operacao: SalvarPerfil
2017-09-21 09:55:03,093 [6] INFO  Gradual.OMS.Library.Servicos.Ativador - Setando MaxItemsInObjectGraph para operacao: ListarPerfis
2017-09-21 09:55:03,093 [6] INFO  Gradual.OMS.Library.Servicos.Ativador - Setando MaxItemsInObjectGraph para operacao: AssociarPerfil
2017-09-21 09:55:03,093 [6] INFO  Gradual.OMS.Library.Servicos.Ativador - Setando MaxItemsInObjectGraph para operacao: ReceberPerfil
2017-09-21 09:55:03,093 [6] INFO  Gradual.OMS.Library.Servicos.Ativador - Setando MaxItemsInObjectGraph para operacao: RemoverPerfil
2017-09-21 09:55:03,093 [6] INFO  Gradual.OMS.Library.Servicos.Ativador - Setando MaxItemsInObjectGraph para operacao: ReceberSessao
2017-09-21 09:55:03,093 [6] INFO  Gradual.OMS.Library.Servicos.Ativador - Setando MaxItemsInObjectGraph para operacao: ListarSessoes
2017-09-21 09:55:03,093 [6] INFO  Gradual.OMS.Library.Servicos.Ativador - Setando MaxItemsInObjectGraph para operacao: EfetuarLogOut
2017-09-21 09:55:03,093 [6] INFO  Gradual.OMS.Library.Servicos.Ativador - Setando MaxItemsInObjectGraph para operacao: AlterarPermissaoAcesso
2017-09-21 09:55:03,093 [6] INFO  Gradual.OMS.Library.Servicos.Ativador - Setando MaxItemsInObjectGraph para operacao: ListarAssessorCompartilhado
2017-09-21 09:55:03,093 [6] INFO  Gradual.OMS.Library.Servicos.Ativador - Setando MaxItemsInObjectGraph para operacao: RemoverPermissao
2017-09-21 09:55:20,242 [11] INFO  Gradual.OMS.Library.Servicos.ServicoHost - *** Todos os serviços parados ***
2017-09-21 09:55:20,242 [11] INFO  Gradual.OMS.Library.Servicos.Ativador - Ativador.Get<Gradual.OMS.Seguranca.Lib.IServicoSeguranca>()
2017-09-21 09:55:20,244 [11] INFO  Gradual.OMS.Library.Servicos.Ativador - Setando MaxItemsInObjectGraph para operacao: AutenticarUsuario
2017-09-21 09:55:20,244 [11] INFO  Gradual.OMS.Library.Servicos.Ativador - Setando MaxItemsInObjectGraph para operacao: VerificarPermissao
2017-09-21 09:55:20,244 [11] INFO  Gradual.OMS.Library.Servicos.Ativador - Setando MaxItemsInObjectGraph para operacao: ListarPermissoes
2017-09-21 09:55:20,244 [11] INFO  Gradual.OMS.Library.Servicos.Ativador - Setando MaxItemsInObjectGraph para operacao: AssociarPermissao
2017-09-21 09:55:20,244 [11] INFO  Gradual.OMS.Library.Servicos.Ativador - Setando MaxItemsInObjectGraph para operacao: ValidarItemSeguranca
2017-09-21 09:55:20,244 [11] INFO  Gradual.OMS.Library.Servicos.Ativador - Setando MaxItemsInObjectGraph para operacao: SalvarPermissoes
2017-09-21 09:55:20,244 [11] INFO  Gradual.OMS.Library.Servicos.Ativador - Setando MaxItemsInObjectGraph para operacao: SalvarPermissao
2017-09-21 09:55:20,244 [11] INFO  Gradual.OMS.Library.Servicos.Ativador - Setando MaxItemsInObjectGraph para operacao: ReceberPermissao
2017-09-21 09:55:20,244 [11] INFO  Gradual.OMS.Library.Servicos.Ativador - Setando MaxItemsInObjectGraph para operacao: SalvarUsuario
2017-09-21 09:55:20,244 [11] INFO  Gradual.OMS.Library.Servicos.Ativador - Setando MaxItemsInObjectGraph para operacao: ListarUsuarios
2017-09-21 09:55:20,244 [11] INFO  Gradual.OMS.Library.Servicos.Ativador - Setando MaxItemsInObjectGraph para operacao: ReceberUsuario
2017-09-21 09:55:20,244 [11] INFO  Gradual.OMS.Library.Servicos.Ativador - Setando MaxItemsInObjectGraph para operacao: RemoverUsuario
2017-09-21 09:55:20,244 [11] INFO  Gradual.OMS.Library.Servicos.Ativador - Setando MaxItemsInObjectGraph para operacao: ValidarAssinaturaEletronica
2017-09-21 09:55:20,244 [11] INFO  Gradual.OMS.Library.Servicos.Ativador - Setando MaxItemsInObjectGraph para operacao: AlterarAssinaturaEletronica
2017-09-21 09:55:20,244 [11] INFO  Gradual.OMS.Library.Servicos.Ativador - Setando MaxItemsInObjectGraph para operacao: AlterarSenha
2017-09-21 09:55:20,244 [11] INFO  Gradual.OMS.Library.Servicos.Ativador - Setando MaxItemsInObjectGraph para operacao: SalvarUsuarioGrupo
2017-09-21 09:55:20,244 [11] INFO  Gradual.OMS.Library.Servicos.Ativador - Setando MaxItemsInObjectGraph para operacao: ListarUsuarioGrupos
2017-09-21 09:55:20,244 [11] INFO  Gradual.OMS.Library.Servicos.Ativador - Setando MaxItemsInObjectGraph para operacao: AssociarUsuarioGrupo
2017-09-21 09:55:20,244 [11] INFO  Gradual.OMS.Library.Servicos.Ativador - Setando MaxItemsInObjectGraph para operacao: ReceberUsuarioGrupo
2017-09-21 09:55:20,244 [11] INFO  Gradual.OMS.Library.Servicos.Ativador - Setando MaxItemsInObjectGraph para operacao: RemoverUsuarioGrupo
2017-09-21 09:55:20,244 [11] INFO  Gradual.OMS.Library.Servicos.Ativador - Setando MaxItemsInObjectGraph para operacao: SalvarPerfil
2017-09-21 09:55:20,244 [11] INFO  Gradual.OMS.Library.Servicos.Ativador - Setando MaxItemsInObjectGraph para operacao: ListarPerfis
2017-09-21 09:55:20,244 [11] INFO  Gradual.OMS.Library.Servicos.Ativador - Setando MaxItemsInObjectGraph para operacao: AssociarPerfil
2017-09-21 09:55:20,244 [11] INFO  Gradual.OMS.Library.Servicos.Ativador - Setando MaxItemsInObjectGraph para operacao: ReceberPerfil
2017-09-21 09:55:20,244 [11] INFO  Gradual.OMS.Library.Servicos.Ativador - Setando MaxItemsInObjectGraph para operacao: RemoverPerfil
2017-09-21 09:55:20,244 [11] INFO  Gradual.OMS.Library.Servicos.Ativador - Setando MaxItemsInObjectGraph para operacao: ReceberSessao
2017-09-21 09:55:20,244 [11] INFO  Gradual.OMS.Library.Servicos.Ativador - Setando MaxItemsInObjectGraph para operacao: ListarSessoes
2017-09-21 09:55:20,244 [11] INFO  Gradual.OMS.Library.Servicos.Ativador - Setando MaxItemsInObjectGraph para operacao: EfetuarLogOut
2017-09-21 09:55:20,244 [11] INFO  Gradual.OMS.Library.Servicos.Ativador - Setando MaxItemsInObjectGraph para operacao: AlterarPermissaoAcesso
2017-09-21 09:55:20,244 [11] INFO  Gradual.OMS.Library.Servicos.Ativador - Setando MaxItemsInObjectGraph para operacao: ListarAssessorCompartilhado
2017-09-21 09:55:20,244 [11] INFO  Gradual.OMS.Library.Servicos.Ativador - Setando MaxItemsInObjectGraph para operacao: RemoverPermissao
2017-09-21 09:55:36,229 [13] INFO  Gradual.OMS.Library.Servicos.ServicoHost - *** Todos os serviços parados ***
2017-09-21 09:55:36,229 [13] INFO  Gradual.OMS.Library.Servicos.Ativador - Ativador.Get<Gradual.OMS.Seguranca.Lib.IServicoSeguranca>()
2017-09-21 09:55:36,230 [13] INFO  Gradual.OMS.Library.Servicos.Ativador - Setando MaxItemsInObjectGraph para operacao: AutenticarUsuario
2017-09-21 09:55:36,230 [13] INFO  Gradual.OMS.Library.Servicos.Ativador - Setando MaxItemsInObjectGraph para operacao: VerificarPermissao
2017-09-21 09:55:36,230 [13] INFO  Gradual.OMS.Library.Servicos.Ativador - Setando MaxItemsInObjectGraph para operacao: ListarPermissoes
2017-09-21 09:55:36,230 [13] INFO  Gradual.OMS.Library.Servicos.Ativador - Setando MaxItemsInObjectGraph para operacao: AssociarPermissao
2017-09-21 09:55:36,230 [13] INFO  Gradual.OMS.Library.Servicos.Ativador - Setando MaxItemsInObjectGraph para operacao: ValidarItemSeguranca
2017-09-21 09:55:36,230 [13] INFO  Gradual.OMS.Library.Servicos.Ativador - Setando MaxItemsInObjectGraph para operacao: SalvarPermissoes
2017-09-21 09:55:36,230 [13] INFO  Gradual.OMS.Library.Servicos.Ativador - Setando MaxItemsInObjectGraph para operacao: SalvarPermissao
2017-09-21 09:55:36,230 [13] INFO  Gradual.OMS.Library.Servicos.Ativador - Setando MaxItemsInObjectGraph para operacao: ReceberPermissao
2017-09-21 09:55:36,230 [13] INFO  Gradual.OMS.Library.Servicos.Ativador - Setando MaxItemsInObjectGraph para operacao: SalvarUsuario
2017-09-21 09:55:36,231 [13] INFO  Gradual.OMS.Library.Servicos.Ativador - Setando MaxItemsInObjectGraph para operacao: ListarUsuarios
2017-09-21 09:55:36,231 [13] INFO  Gradual.OMS.Library.Servicos.Ativador - Setando MaxItemsInObjectGraph para operacao: ReceberUsuario
2017-09-21 09:55:36,231 [13] INFO  Gradual.OMS.Library.Servicos.Ativador - Setando MaxItemsInObjectGraph para operacao: RemoverUsuario
2017-09-21 09:55:36,231 [13] INFO  Gradual.OMS.Library.Servicos.Ativador - Setando MaxItemsInObjectGraph para operacao: ValidarAssinaturaEletronica
2017-09-21 09:55:36,231 [13] INFO  Gradual.OMS.Library.Servicos.Ativador - Setando MaxItemsInObjectGraph para operacao: AlterarAssinaturaEletronica
2017-09-21 09:55:36,231 [13] INFO  Gradual.OMS.Library.Servicos.Ativador - Setando MaxItemsInObjectGraph para operacao: AlterarSenha
2017-09-21 09:55:36,231 [13] INFO  Gradual.OMS.Library.Servicos.Ativador - Setando MaxItemsInObjectGraph para operacao: SalvarUsuarioGrupo
2017-09-21 09:55:36,231 [13] INFO  Gradual.OMS.Library.Servicos.Ativador - Setando MaxItemsInObjectGraph para operacao: ListarUsuarioGrupos
2017-09-21 09:55:36,231 [13] INFO  Gradual.OMS.Library.Servicos.Ativador - Setando MaxItemsInObjectGraph para operacao: AssociarUsuarioGrupo
2017-09-21 09:55:36,231 [13] INFO  Gradual.OMS.Library.Servicos.Ativador - Setando MaxItemsInObjectGraph para operacao: ReceberUsuarioGrupo
2017-09-21 09:55:36,231 [13] INFO  Gradual.OMS.Library.Servicos.Ativador - Setando MaxItemsInObjectGraph para operacao: RemoverUsuarioGrupo
2017-09-21 09:55:36,231 [13] INFO  Gradual.OMS.Library.Servicos.Ativador - Setando MaxItemsInObjectGraph para operacao: SalvarPerfil
2017-09-21 09:55:36,231 [13] INFO  Gradual.OMS.Library.Servicos.Ativador - Setando MaxItemsInObjectGraph para operacao: ListarPerfis
2017-09-21 09:55:36,231 [13] INFO  Gradual.OMS.Library.Servicos.Ativador - Setando MaxItemsInObjectGraph para operacao: AssociarPerfil
2017-09-21 09:55:36,231 [13] INFO  Gradual.OMS.Library.Servicos.Ativador - Setando MaxItemsInObjectGraph para operacao: ReceberPerfil
2017-09-21 09:55:36,231 [13] INFO  Gradual.OMS.Library.Servicos.Ativador - Setando MaxItemsInObjectGraph para operacao: RemoverPerfil
2017-09-21 09:55:36,231 [13] INFO  Gradual.OMS.Library.Servicos.Ativador - Setando MaxItemsInObjectGraph para operacao: ReceberSessao
2017-09-21 09:55:36,231 [13] INFO  Gradual.OMS.Library.Servicos.Ativador - Setando MaxItemsInObjectGraph para operacao: ListarSessoes
2017-09-21 09:55:36,231 [13] INFO  Gradual.OMS.Library.Servicos.Ativador - Setando MaxItemsInObjectGraph para operacao: EfetuarLogOut
2017-09-21 09:55:36,231 [13] INFO  Gradual.OMS.Library.Servicos.Ativador - Setando MaxItemsInObjectGraph para operacao: AlterarPermissaoAcesso
2017-09-21 09:55:36,231 [13] INFO  Gradual.OMS.Library.Servicos.Ativador - Setando MaxItemsInObjectGraph para operacao: ListarAssessorCompartilhado
2017-09-21 09:55:36,231 [13] INFO  Gradual.OMS.Library.Servicos.Ativador - Setando MaxItemsInObjectGraph para operacao: RemoverPermissao
2017-09-21 09:55:37,126 [13] INFO  Gradual.OMS.Library.Servicos.Ativador - Abort channel for: Gradual.OMS.Seguranca.Lib.IServicoSeguranca
2017-09-21 09:55:37,858 [17] ERROR Gradual.Spider.PostTradingClientEngine.App_Codigo.PaginaBase - Erro encontrado no Load da positionClient->
System.Threading.ThreadAbortException: Thread was being aborted.
   at System.Threading.Thread.AbortInternal()
   at System.Threading.Thread.Abort(Object stateInfo)
   at System.Web.HttpResponse.AbortCurrentThread()
   at System.Web.HttpResponse.End()
   at Gradual.Spider.PostTradingClientEngine.App_Codigo.PaginaBase.RotearRespostaAjax() in c:\Dev\Gradual\Gradual.Spider\Gradual.Spider.WebPositionClient\Gradual.Spider.PostTradingClientEngine\App_Codigo\PaginaBase.cs:line 245
   at Gradual.Spider.PostTradingClientEngine.App_Codigo.PaginaBase.RegistrarRespostasAjax(String[] pAcoes, ResponderAcaoAjaxDelegate[] pFuncoes) in c:\Dev\Gradual\Gradual.Spider\Gradual.Spider.WebPositionClient\Gradual.Spider.PostTradingClientEngine\App_Codigo\PaginaBase.cs:line 202
   at Gradual.Spider.PostTradingClientEngine.PositionClient.Page_Load(Object sender, EventArgs e) in c:\Dev\Gradual\Gradual.Spider\Gradual.Spider.WebPositionClient\Gradual.Spider.PostTradingClientEngine\PositionClient.aspx.cs:line 255
2017-09-21 09:56:22,911 [20] ERROR Gradual.Spider.PostTradingClientEngine.App_Codigo.PaginaBase - Erro encontrado no Load da positionClient->
System.Threading.ThreadAbortException: Thread was being aborted.
   at System.Threading.Thread.AbortInternal()
   at System.Threading.Thread.Abort(Object stateInfo)
   at System.Web.HttpResponse.AbortCurrentThread()
   at System.Web.HttpResponse.End()
   at Gradual.Spider.PostTradingClientEngine.App_Codigo.PaginaBase.RotearRespostaAjax() in c:\Dev\Gradual\Gradual.Spider\Gradual.Spider.WebPositionClient\Gradual.Spider.PostTradingClientEngine\App_Codigo\PaginaBase.cs:line 245
   at Gradual.Spider.PostTradingClientEngine.App_Codigo.PaginaBase.RegistrarRespostasAjax(String[] pAcoes, ResponderAcaoAjaxDelegate[] pFuncoes) in c:\Dev\Gradual\Gradual.Spider\Gradual.Spider.WebPositionClient\Gradual.Spider.PostTradingClientEngine\App_Codigo\PaginaBase.cs:line 202
   at Gradual.Spider.PostTradingClientEngine.PositionClient.Page_Load(Object sender, EventArgs e) in c:\Dev\Gradual\Gradual.Spider\Gradual.Spider.WebPositionClient\Gradual.Spider.PostTradingClientEngine\PositionClient.aspx.cs:line 255
2017-09-21 09:57:07,975 [23] ERROR Gradual.Spider.PostTradingClientEngine.App_Codigo.PaginaBase - Erro encontrado no Load da positionClient->
System.Threading.ThreadAbortException: Thread was being aborted.
   at System.Threading.Thread.AbortInternal()
   at System.Threading.Thread.Abort(Object stateInfo)
   at System.Web.HttpResponse.AbortCurrentThread()
   at System.Web.HttpResponse.End()
   at Gradual.Spider.PostTradingClientEngine.App_Codigo.PaginaBase.RotearRespostaAjax() in c:\Dev\Gradual\Gradual.Spider\Gradual.Spider.WebPositionClient\Gradual.Spider.PostTradingClientEngine\App_Codigo\PaginaBase.cs:line 245
   at Gradual.Spider.PostTradingClientEngine.App_Codigo.PaginaBase.RegistrarRespostasAjax(String[] pAcoes, ResponderAcaoAjaxDelegate[] pFuncoes) in c:\Dev\Gradual\Gradual.Spider\Gradual.Spider.WebPositionClient\Gradual.Spider.PostTradingClientEngine\App_Codigo\PaginaBase.cs:line 202
   at Gradual.Spider.PostTradingClientEngine.PositionClient.Page_Load(Object sender, EventArgs e) in c:\Dev\Gradual\Gradual.Spider\Gradual.Spider.WebPositionClient\Gradual.Spider.PostTradingClientEngine\PositionClient.aspx.cs:line 255
2017-09-21 09:57:53,812 [25] ERROR Gradual.Spider.PostTradingClientEngine.App_Codigo.PaginaBase - Erro encontrado no Load da positionClient->
System.Threading.ThreadAbortException: Thread was being aborted.
   at System.Threading.Thread.AbortInternal()
   at System.Threading.Thread.Abort(Object stateInfo)
   at System.Web.HttpResponse.AbortCurrentThread()
   at System.Web.HttpResponse.End()
   at Gradual.Spider.PostTradingClientEngine.App_Codigo.PaginaBase.RotearRespostaAjax() in c:\Dev\Gradual\Gradual.Spider\Gradual.Spider.WebPositionClient\Gradual.Spider.PostTradingClientEngine\App_Codigo\PaginaBase.cs:line 245
   at Gradual.Spider.PostTradingClientEngine.App_Codigo.PaginaBase.RegistrarRespostasAjax(String[] pAcoes, ResponderAcaoAjaxDelegate[] pFuncoes) in c:\Dev\Gradual\Gradual.Spider\Gradual.Spider.WebPositionClient\Gradual.Spider.PostTradingClientEngine\App_Codigo\PaginaBase.cs:line 202
   at Gradual.Spider.PostTradingClientEngine.PositionClient.Page_Load(Object sender, EventArgs e) in c:\Dev\Gradual\Gradual.Spider\Gradual.Spider.WebPositionClient\Gradual.Spider.PostTradingClientEngine\PositionClient.aspx.cs:line 255
2017-09-21 10:04:39,629 [7] ERROR Gradual.Spider.PostTradingClientEngine.App_Codigo.ConfiguracoesValidadas - Erro [Erro de configuração: Valor registrado no web.config para 'IdSistemaMDS' está vazio ou nulo.] em ConfiguracoesValidadas.Iniciar()
    >>Stack:
   at Gradual.Spider.PostTradingClientEngine.App_Codigo.ConfiguracoesValidadas.Iniciar() in c:\Dev\Gradual\Gradual.Spider\Gradual.Spider.WebPositionClient\Gradual.Spider.PostTradingClientEngine\App_Codigo\ConfiguracoesValidadas.cs:line 308
2017-09-21 10:04:39,637 [7] INFO  Gradual.OMS.Library.Servicos.ServicoHost - *** Todos os serviços parados ***
2017-09-21 10:04:39,645 [7] INFO  Gradual.OMS.Library.Servicos.Ativador - Ativador.Get<Gradual.OMS.Seguranca.Lib.IServicoSeguranca>()
2017-09-21 10:04:39,645 [7] INFO  Gradual.OMS.Library.Servicos.Ativador - Buscando informacoes do servico Gradual.OMS.Seguranca.Lib.IServicoSeguranca no localizador
2017-09-21 10:04:39,981 [7] INFO  Gradual.OMS.Library.Servicos.Ativador - Armazenando informacoes do servico Gradual.OMS.Seguranca.Lib.IServicoSeguranca no cache
2017-09-21 10:04:40,720 [7] INFO  Gradual.OMS.Library.Servicos.Ativador - Setando MaxItemsInObjectGraph para operacao: AutenticarUsuario
2017-09-21 10:04:40,720 [7] INFO  Gradual.OMS.Library.Servicos.Ativador - Setando MaxItemsInObjectGraph para operacao: VerificarPermissao
2017-09-21 10:04:40,720 [7] INFO  Gradual.OMS.Library.Servicos.Ativador - Setando MaxItemsInObjectGraph para operacao: ListarPermissoes
2017-09-21 10:04:40,720 [7] INFO  Gradual.OMS.Library.Servicos.Ativador - Setando MaxItemsInObjectGraph para operacao: AssociarPermissao
2017-09-21 10:04:40,720 [7] INFO  Gradual.OMS.Library.Servicos.Ativador - Setando MaxItemsInObjectGraph para operacao: ValidarItemSeguranca
2017-09-21 10:04:40,720 [7] INFO  Gradual.OMS.Library.Servicos.Ativador - Setando MaxItemsInObjectGraph para operacao: SalvarPermissoes
2017-09-21 10:04:40,720 [7] INFO  Gradual.OMS.Library.Servicos.Ativador - Setando MaxItemsInObjectGraph para operacao: SalvarPermissao
2017-09-21 10:04:40,720 [7] INFO  Gradual.OMS.Library.Servicos.Ativador - Setando MaxItemsInObjectGraph para operacao: ReceberPermissao
2017-09-21 10:04:40,720 [7] INFO  Gradual.OMS.Library.Servicos.Ativador - Setando MaxItemsInObjectGraph para operacao: SalvarUsuario
2017-09-21 10:04:40,720 [7] INFO  Gradual.OMS.Library.Servicos.Ativador - Setando MaxItemsInObjectGraph para operacao: ListarUsuarios
2017-09-21 10:04:40,720 [7] INFO  Gradual.OMS.Library.Servicos.Ativador - Setando MaxItemsInObjectGraph para operacao: ReceberUsuario
2017-09-21 10:04:40,720 [7] INFO  Gradual.OMS.Library.Servicos.Ativador - Setando MaxItemsInObjectGraph para operacao: RemoverUsuario
2017-09-21 10:04:40,720 [7] INFO  Gradual.OMS.Library.Servicos.Ativador - Setando MaxItemsInObjectGraph para operacao: ValidarAssinaturaEletronica
2017-09-21 10:04:40,720 [7] INFO  Gradual.OMS.Library.Servicos.Ativador - Setando MaxItemsInObjectGraph para operacao: AlterarAssinaturaEletronica
2017-09-21 10:04:40,720 [7] INFO  Gradual.OMS.Library.Servicos.Ativador - Setando MaxItemsInObjectGraph para operacao: AlterarSenha
2017-09-21 10:04:40,720 [7] INFO  Gradual.OMS.Library.Servicos.Ativador - Setando MaxItemsInObjectGraph para operacao: SalvarUsuarioGrupo
2017-09-21 10:04:40,720 [7] INFO  Gradual.OMS.Library.Servicos.Ativador - Setando MaxItemsInObjectGraph para operacao: ListarUsuarioGrupos
2017-09-21 10:04:40,720 [7] INFO  Gradual.OMS.Library.Servicos.Ativador - Setando MaxItemsInObjectGraph para operacao: AssociarUsuarioGrupo
2017-09-21 10:04:40,720 [7] INFO  Gradual.OMS.Library.Servicos.Ativador - Setando MaxItemsInObjectGraph para operacao: ReceberUsuarioGrupo
2017-09-21 10:04:40,720 [7] INFO  Gradual.OMS.Library.Servicos.Ativador - Setando MaxItemsInObjectGraph para operacao: RemoverUsuarioGrupo
2017-09-21 10:04:40,720 [7] INFO  Gradual.OMS.Library.Servicos.Ativador - Setando MaxItemsInObjectGraph para operacao: SalvarPerfil
2017-09-21 10:04:40,720 [7] INFO  Gradual.OMS.Library.Servicos.Ativador - Setando MaxItemsInObjectGraph para operacao: ListarPerfis
2017-09-21 10:04:40,720 [7] INFO  Gradual.OMS.Library.Servicos.Ativador - Setando MaxItemsInObjectGraph para operacao: AssociarPerfil
2017-09-21 10:04:40,720 [7] INFO  Gradual.OMS.Library.Servicos.Ativador - Setando MaxItemsInObjectGraph para operacao: ReceberPerfil
2017-09-21 10:04:40,720 [7] INFO  Gradual.OMS.Library.Servicos.Ativador - Setando MaxItemsInObjectGraph para operacao: RemoverPerfil
2017-09-21 10:04:40,720 [7] INFO  Gradual.OMS.Library.Servicos.Ativador - Setando MaxItemsInObjectGraph para operacao: ReceberSessao
2017-09-21 10:04:40,720 [7] INFO  Gradual.OMS.Library.Servicos.Ativador - Setando MaxItemsInObjectGraph para operacao: ListarSessoes
2017-09-21 10:04:40,720 [7] INFO  Gradual.OMS.Library.Servicos.Ativador - Setando MaxItemsInObjectGraph para operacao: EfetuarLogOut
2017-09-21 10:04:40,720 [7] INFO  Gradual.OMS.Library.Servicos.Ativador - Setando MaxItemsInObjectGraph para operacao: AlterarPermissaoAcesso
2017-09-21 10:04:40,720 [7] INFO  Gradual.OMS.Library.Servicos.Ativador - Setando MaxItemsInObjectGraph para operacao: ListarAssessorCompartilhado
2017-09-21 10:04:40,720 [7] INFO  Gradual.OMS.Library.Servicos.Ativador - Setando MaxItemsInObjectGraph para operacao: RemoverPermissao
2017-09-21 10:05:01,448 [13] INFO  Gradual.OMS.Library.Servicos.ServicoHost - *** Todos os serviços parados ***
2017-09-21 10:05:01,448 [13] INFO  Gradual.OMS.Library.Servicos.Ativador - Ativador.Get<Gradual.OMS.Seguranca.Lib.IServicoSeguranca>()
2017-09-21 10:05:01,449 [13] INFO  Gradual.OMS.Library.Servicos.Ativador - Setando MaxItemsInObjectGraph para operacao: AutenticarUsuario
2017-09-21 10:05:01,449 [13] INFO  Gradual.OMS.Library.Servicos.Ativador - Setando MaxItemsInObjectGraph para operacao: VerificarPermissao
2017-09-21 10:05:01,449 [13] INFO  Gradual.OMS.Library.Servicos.Ativador - Setando MaxItemsInObjectGraph para operacao: ListarPermissoes
2017-09-21 10:05:01,449 [13] INFO  Gradual.OMS.Library.Servicos.Ativador - Setando MaxItemsInObjectGraph para operacao: AssociarPermissao
2017-09-21 10:05:01,449 [13] INFO  Gradual.OMS.Library.Servicos.Ativador - Setando MaxItemsInObjectGraph para operacao: ValidarItemSeguranca
2017-09-21 10:05:01,449 [13] INFO  Gradual.OMS.Library.Servicos.Ativador - Setando MaxItemsInObjectGraph para operacao: SalvarPermissoes
2017-09-21 10:05:01,449 [13] INFO  Gradual.OMS.Library.Servicos.Ativador - Setando MaxItemsInObjectGraph para operacao: SalvarPermissao
2017-09-21 10:05:01,449 [13] INFO  Gradual.OMS.Library.Servicos.Ativador - Setando MaxItemsInObjectGraph para operacao: ReceberPermissao
2017-09-21 10:05:01,449 [13] INFO  Gradual.OMS.Library.Servicos.Ativador - Setando MaxItemsInObjectGraph para operacao: SalvarUsuario
2017-09-21 10:05:01,449 [13] INFO  Gradual.OMS.Library.Servicos.Ativador - Setando MaxItemsInObjectGraph para operacao: ListarUsuarios
2017-09-21 10:05:01,449 [13] INFO  Gradual.OMS.Library.Servicos.Ativador - Setando MaxItemsInObjectGraph para operacao: ReceberUsuario
2017-09-21 10:05:01,449 [13] INFO  Gradual.OMS.Library.Servicos.Ativador - Setando MaxItemsInObjectGraph para operacao: RemoverUsuario
2017-09-21 10:05:01,449 [13] INFO  Gradual.OMS.Library.Servicos.Ativador - Setando MaxItemsInObjectGraph para operacao: ValidarAssinaturaEletronica
2017-09-21 10:05:01,450 [13] INFO  Gradual.OMS.Library.Servicos.Ativador - Setando MaxItemsInObjectGraph para operacao: AlterarAssinaturaEletronica
2017-09-21 10:05:01,450 [13] INFO  Gradual.OMS.Library.Servicos.Ativador - Setando MaxItemsInObjectGraph para operacao: AlterarSenha
2017-09-21 10:05:01,450 [13] INFO  Gradual.OMS.Library.Servicos.Ativador - Setando MaxItemsInObjectGraph para operacao: SalvarUsuarioGrupo
2017-09-21 10:05:01,450 [13] INFO  Gradual.OMS.Library.Servicos.Ativador - Setando MaxItemsInObjectGraph para operacao: ListarUsuarioGrupos
2017-09-21 10:05:01,450 [13] INFO  Gradual.OMS.Library.Servicos.Ativador - Setando MaxItemsInObjectGraph para operacao: AssociarUsuarioGrupo
2017-09-21 10:05:01,450 [13] INFO  Gradual.OMS.Library.Servicos.Ativador - Setando MaxItemsInObjectGraph para operacao: ReceberUsuarioGrupo
2017-09-21 10:05:01,450 [13] INFO  Gradual.OMS.Library.Servicos.Ativador - Setando MaxItemsInObjectGraph para operacao: RemoverUsuarioGrupo
2017-09-21 10:05:01,450 [13] INFO  Gradual.OMS.Library.Servicos.Ativador - Setando MaxItemsInObjectGraph para operacao: SalvarPerfil
2017-09-21 10:05:01,450 [13] INFO  Gradual.OMS.Library.Servicos.Ativador - Setando MaxItemsInObjectGraph para operacao: ListarPerfis
2017-09-21 10:05:01,450 [13] INFO  Gradual.OMS.Library.Servicos.Ativador - Setando MaxItemsInObjectGraph para operacao: AssociarPerfil
2017-09-21 10:05:01,450 [13] INFO  Gradual.OMS.Library.Servicos.Ativador - Setando MaxItemsInObjectGraph para operacao: ReceberPerfil
2017-09-21 10:05:01,450 [13] INFO  Gradual.OMS.Library.Servicos.Ativador - Setando MaxItemsInObjectGraph para operacao: RemoverPerfil
2017-09-21 10:05:01,450 [13] INFO  Gradual.OMS.Library.Servicos.Ativador - Setando MaxItemsInObjectGraph para operacao: ReceberSessao
2017-09-21 10:05:01,450 [13] INFO  Gradual.OMS.Library.Servicos.Ativador - Setando MaxItemsInObjectGraph para operacao: ListarSessoes
2017-09-21 10:05:01,450 [13] INFO  Gradual.OMS.Library.Servicos.Ativador - Setando MaxItemsInObjectGraph para operacao: EfetuarLogOut
2017-09-21 10:05:01,450 [13] INFO  Gradual.OMS.Library.Servicos.Ativador - Setando MaxItemsInObjectGraph para operacao: AlterarPermissaoAcesso
2017-09-21 10:05:01,450 [13] INFO  Gradual.OMS.Library.Servicos.Ativador - Setando MaxItemsInObjectGraph para operacao: ListarAssessorCompartilhado
2017-09-21 10:05:01,450 [13] INFO  Gradual.OMS.Library.Servicos.Ativador - Setando MaxItemsInObjectGraph para operacao: RemoverPermissao
2017-09-21 10:05:07,786 [14] INFO  Gradual.OMS.Library.Servicos.ServicoHost - *** Todos os serviços parados ***
2017-09-21 10:05:07,786 [14] INFO  Gradual.OMS.Library.Servicos.Ativador - Ativador.Get<Gradual.OMS.Seguranca.Lib.IServicoSeguranca>()
2017-09-21 10:05:07,787 [14] INFO  Gradual.OMS.Library.Servicos.Ativador - Setando MaxItemsInObjectGraph para operacao: AutenticarUsuario
2017-09-21 10:05:07,787 [14] INFO  Gradual.OMS.Library.Servicos.Ativador - Setando MaxItemsInObjectGraph para operacao: VerificarPermissao
2017-09-21 10:05:07,788 [14] INFO  Gradual.OMS.Library.Servicos.Ativador - Setando MaxItemsInObjectGraph para operacao: ListarPermissoes
2017-09-21 10:05:07,788 [14] INFO  Gradual.OMS.Library.Servicos.Ativador - Setando MaxItemsInObjectGraph para operacao: AssociarPermissao
2017-09-21 10:05:07,788 [14] INFO  Gradual.OMS.Library.Servicos.Ativador - Setando MaxItemsInObjectGraph para operacao: ValidarItemSeguranca
2017-09-21 10:05:07,788 [14] INFO  Gradual.OMS.Library.Servicos.Ativador - Setando MaxItemsInObjectGraph para operacao: SalvarPermissoes
2017-09-21 10:05:07,788 [14] INFO  Gradual.OMS.Library.Servicos.Ativador - Setando MaxItemsInObjectGraph para operacao: SalvarPermissao
2017-09-21 10:05:07,788 [14] INFO  Gradual.OMS.Library.Servicos.Ativador - Setando MaxItemsInObjectGraph para operacao: ReceberPermissao
2017-09-21 10:05:07,788 [14] INFO  Gradual.OMS.Library.Servicos.Ativador - Setando MaxItemsInObjectGraph para operacao: SalvarUsuario
2017-09-21 10:05:07,788 [14] INFO  Gradual.OMS.Library.Servicos.Ativador - Setando MaxItemsInObjectGraph para operacao: ListarUsuarios
2017-09-21 10:05:07,788 [14] INFO  Gradual.OMS.Library.Servicos.Ativador - Setando MaxItemsInObjectGraph para operacao: ReceberUsuario
2017-09-21 10:05:07,788 [14] INFO  Gradual.OMS.Library.Servicos.Ativador - Setando MaxItemsInObjectGraph para operacao: RemoverUsuario
2017-09-21 10:05:07,788 [14] INFO  Gradual.OMS.Library.Servicos.Ativador - Setando MaxItemsInObjectGraph para operacao: ValidarAssinaturaEletronica
2017-09-21 10:05:07,788 [14] INFO  Gradual.OMS.Library.Servicos.Ativador - Setando MaxItemsInObjectGraph para operacao: AlterarAssinaturaEletronica
2017-09-21 10:05:07,788 [14] INFO  Gradual.OMS.Library.Servicos.Ativador - Setando MaxItemsInObjectGraph para operacao: AlterarSenha
2017-09-21 10:05:07,788 [14] INFO  Gradual.OMS.Library.Servicos.Ativador - Setando MaxItemsInObjectGraph para operacao: SalvarUsuarioGrupo
2017-09-21 10:05:07,788 [14] INFO  Gradual.OMS.Library.Servicos.Ativador - Setando MaxItemsInObjectGraph para operacao: ListarUsuarioGrupos
2017-09-21 10:05:07,788 [14] INFO  Gradual.OMS.Library.Servicos.Ativador - Setando MaxItemsInObjectGraph para operacao: AssociarUsuarioGrupo
2017-09-21 10:05:07,788 [14] INFO  Gradual.OMS.Library.Servicos.Ativador - Setando MaxItemsInObjectGraph para operacao: ReceberUsuarioGrupo
2017-09-21 10:05:07,788 [14] INFO  Gradual.OMS.Library.Servicos.Ativador - Setando MaxItemsInObjectGraph para operacao: RemoverUsuarioGrupo
2017-09-21 10:05:07,788 [14] INFO  Gradual.OMS.Library.Servicos.Ativador - Setando MaxItemsInObjectGraph para operacao: SalvarPerfil
2017-09-21 10:05:07,788 [14] INFO  Gradual.OMS.Library.Servicos.Ativador - Setando MaxItemsInObjectGraph para operacao: ListarPerfis
2017-09-21 10:05:07,788 [14] INFO  Gradual.OMS.Library.Servicos.Ativador - Setando MaxItemsInObjectGraph para operacao: AssociarPerfil
2017-09-21 10:05:07,788 [14] INFO  Gradual.OMS.Library.Servicos.Ativador - Setando MaxItemsInObjectGraph para operacao: ReceberPerfil
2017-09-21 10:05:07,788 [14] INFO  Gradual.OMS.Library.Servicos.Ativador - Setando MaxItemsInObjectGraph para operacao: RemoverPerfil
2017-09-21 10:05:07,788 [14] INFO  Gradual.OMS.Library.Servicos.Ativador - Setando MaxItemsInObjectGraph para operacao: ReceberSessao
2017-09-21 10:05:07,788 [14] INFO  Gradual.OMS.Library.Servicos.Ativador - Setando MaxItemsInObjectGraph para operacao: ListarSessoes
2017-09-21 10:05:07,788 [14] INFO  Gradual.OMS.Library.Servicos.Ativador - Setando MaxItemsInObjectGraph para operacao: EfetuarLogOut
2017-09-21 10:05:07,788 [14] INFO  Gradual.OMS.Library.Servicos.Ativador - Setando MaxItemsInObjectGraph para operacao: AlterarPermissaoAcesso
2017-09-21 10:05:07,788 [14] INFO  Gradual.OMS.Library.Servicos.Ativador - Setando MaxItemsInObjectGraph para operacao: ListarAssessorCompartilhado
2017-09-21 10:05:07,788 [14] INFO  Gradual.OMS.Library.Servicos.Ativador - Setando MaxItemsInObjectGraph para operacao: RemoverPermissao
2017-09-21 10:05:08,496 [14] INFO  Gradual.OMS.Library.Servicos.Ativador - Abort channel for: Gradual.OMS.Seguranca.Lib.IServicoSeguranca
2017-09-21 10:05:09,108 [11] ERROR Gradual.Spider.PostTradingClientEngine.App_Codigo.PaginaBase - Erro encontrado no Load da positionClient->
System.Threading.ThreadAbortException: Thread was being aborted.
   at System.Threading.Thread.AbortInternal()
   at System.Threading.Thread.Abort(Object stateInfo)
   at System.Web.HttpResponse.AbortCurrentThread()
   at System.Web.HttpResponse.End()
   at Gradual.Spider.PostTradingClientEngine.App_Codigo.PaginaBase.RotearRespostaAjax() in c:\Dev\Gradual\Gradual.Spider\Gradual.Spider.WebPositionClient\Gradual.Spider.PostTradingClientEngine\App_Codigo\PaginaBase.cs:line 245
   at Gradual.Spider.PostTradingClientEngine.App_Codigo.PaginaBase.RegistrarRespostasAjax(String[] pAcoes, ResponderAcaoAjaxDelegate[] pFuncoes) in c:\Dev\Gradual\Gradual.Spider\Gradual.Spider.WebPositionClient\Gradual.Spider.PostTradingClientEngine\App_Codigo\PaginaBase.cs:line 202
   at Gradual.Spider.PostTradingClientEngine.PositionClient.Page_Load(Object sender, EventArgs e) in c:\Dev\Gradual\Gradual.Spider\Gradual.Spider.WebPositionClient\Gradual.Spider.PostTradingClientEngine\PositionClient.aspx.cs:line 255
2017-09-21 10:05:54,330 [18] ERROR Gradual.Spider.PostTradingClientEngine.App_Codigo.PaginaBase - Erro encontrado no Load da positionClient->
System.Threading.ThreadAbortException: Thread was being aborted.
   at System.Threading.Thread.AbortInternal()
   at System.Threading.Thread.Abort(Object stateInfo)
   at System.Web.HttpResponse.AbortCurrentThread()
   at System.Web.HttpResponse.End()
   at Gradual.Spider.PostTradingClientEngine.App_Codigo.PaginaBase.RotearRespostaAjax() in c:\Dev\Gradual\Gradual.Spider\Gradual.Spider.WebPositionClient\Gradual.Spider.PostTradingClientEngine\App_Codigo\PaginaBase.cs:line 245
   at Gradual.Spider.PostTradingClientEngine.App_Codigo.PaginaBase.RegistrarRespostasAjax(String[] pAcoes, ResponderAcaoAjaxDelegate[] pFuncoes) in c:\Dev\Gradual\Gradual.Spider\Gradual.Spider.WebPositionClient\Gradual.Spider.PostTradingClientEngine\App_Codigo\PaginaBase.cs:line 202
   at Gradual.Spider.PostTradingClientEngine.PositionClient.Page_Load(Object sender, EventArgs e) in c:\Dev\Gradual\Gradual.Spider\Gradual.Spider.WebPositionClient\Gradual.Spider.PostTradingClientEngine\PositionClient.aspx.cs:line 255
2017-09-21 10:06:39,378 [22] ERROR Gradual.Spider.PostTradingClientEngine.App_Codigo.PaginaBase - Erro encontrado no Load da positionClient->
System.Threading.ThreadAbortException: Thread was being aborted.
   at System.Threading.Thread.AbortInternal()
   at System.Threading.Thread.Abort(Object stateInfo)
   at System.Web.HttpResponse.AbortCurrentThread()
   at System.Web.HttpResponse.End()
   at Gradual.Spider.PostTradingClientEngine.App_Codigo.PaginaBase.RotearRespostaAjax() in c:\Dev\Gradual\Gradual.Spider\Gradual.Spider.WebPositionClient\Gradual.Spider.PostTradingClientEngine\App_Codigo\PaginaBase.cs:line 245
   at Gradual.Spider.PostTradingClientEngine.App_Codigo.PaginaBase.RegistrarRespostasAjax(String[] pAcoes, ResponderAcaoAjaxDelegate[] pFuncoes) in c:\Dev\Gradual\Gradual.Spider\Gradual.Spider.WebPositionClient\Gradual.Spider.PostTradingClientEngine\App_Codigo\PaginaBase.cs:line 202
   at Gradual.Spider.PostTradingClientEngine.PositionClient.Page_Load(Object sender, EventArgs e) in c:\Dev\Gradual\Gradual.Spider\Gradual.Spider.WebPositionClient\Gradual.Spider.PostTradingClientEngine\PositionClient.aspx.cs:line 255
2017-09-21 10:07:24,429 [31] ERROR Gradual.Spider.PostTradingClientEngine.App_Codigo.PaginaBase - Erro encontrado no Load da positionClient->
System.Threading.ThreadAbortException: Thread was being aborted.
   at System.Threading.Thread.AbortInternal()
   at System.Threading.Thread.Abort(Object stateInfo)
   at System.Web.HttpResponse.AbortCurrentThread()
   at System.Web.HttpResponse.End()
   at Gradual.Spider.PostTradingClientEngine.App_Codigo.PaginaBase.RotearRespostaAjax() in c:\Dev\Gradual\Gradual.Spider\Gradual.Spider.WebPositionClient\Gradual.Spider.PostTradingClientEngine\App_Codigo\PaginaBase.cs:line 245
   at Gradual.Spider.PostTradingClientEngine.App_Codigo.PaginaBase.RegistrarRespostasAjax(String[] pAcoes, ResponderAcaoAjaxDelegate[] pFuncoes) in c:\Dev\Gradual\Gradual.Spider\Gradual.Spider.WebPositionClient\Gradual.Spider.PostTradingClientEngine\App_Codigo\PaginaBase.cs:line 202
   at Gradual.Spider.PostTradingClientEngine.PositionClient.Page_Load(Object sender, EventArgs e) in c:\Dev\Gradual\Gradual.Spider\Gradual.Spider.WebPositionClient\Gradual.Spider.PostTradingClientEngine\PositionClient.aspx.cs:line 255
2017-09-21 10:08:09,482 [36] ERROR Gradual.Spider.PostTradingClientEngine.App_Codigo.PaginaBase - Erro encontrado no Load da positionClient->
System.Threading.ThreadAbortException: Thread was being aborted.
   at System.Threading.Thread.AbortInternal()
   at System.Threading.Thread.Abort(Object stateInfo)
   at System.Web.HttpResponse.AbortCurrentThread()
   at System.Web.HttpResponse.End()
   at Gradual.Spider.PostTradingClientEngine.App_Codigo.PaginaBase.RotearRespostaAjax() in c:\Dev\Gradual\Gradual.Spider\Gradual.Spider.WebPositionClient\Gradual.Spider.PostTradingClientEngine\App_Codigo\PaginaBase.cs:line 245
   at Gradual.Spider.PostTradingClientEngine.App_Codigo.PaginaBase.RegistrarRespostasAjax(String[] pAcoes, ResponderAcaoAjaxDelegate[] pFuncoes) in c:\Dev\Gradual\Gradual.Spider\Gradual.Spider.WebPositionClient\Gradual.Spider.PostTradingClientEngine\App_Codigo\PaginaBase.cs:line 202
   at Gradual.Spider.PostTradingClientEngine.PositionClient.Page_Load(Object sender, EventArgs e) in c:\Dev\Gradual\Gradual.Spider\Gradual.Spider.WebPositionClient\Gradual.Spider.PostTradingClientEngine\PositionClient.aspx.cs:line 255
2017-09-21 10:08:54,523 [42] ERROR Gradual.Spider.PostTradingClientEngine.App_Codigo.PaginaBase - Erro encontrado no Load da positionClient->
System.Threading.ThreadAbortException: Thread was being aborted.
   at System.Threading.Thread.AbortInternal()
   at System.Threading.Thread.Abort(Object stateInfo)
   at System.Web.HttpResponse.AbortCurrentThread()
   at System.Web.HttpResponse.End()
   at Gradual.Spider.PostTradingClientEngine.App_Codigo.PaginaBase.RotearRespostaAjax() in c:\Dev\Gradual\Gradual.Spider\Gradual.Spider.WebPositionClient\Gradual.Spider.PostTradingClientEngine\App_Codigo\PaginaBase.cs:line 245
   at Gradual.Spider.PostTradingClientEngine.App_Codigo.PaginaBase.RegistrarRespostasAjax(String[] pAcoes, ResponderAcaoAjaxDelegate[] pFuncoes) in c:\Dev\Gradual\Gradual.Spider\Gradual.Spider.WebPositionClient\Gradual.Spider.PostTradingClientEngine\App_Codigo\PaginaBase.cs:line 202
   at Gradual.Spider.PostTradingClientEngine.PositionClient.Page_Load(Object sender, EventArgs e) in c:\Dev\Gradual\Gradual.Spider\Gradual.Spider.WebPositionClient\Gradual.Spider.PostTradingClientEngine\PositionClient.aspx.cs:line 255
2017-09-21 10:09:39,570 [29] ERROR Gradual.Spider.PostTradingClientEngine.App_Codigo.PaginaBase - Erro encontrado no Load da positionClient->
System.Threading.ThreadAbortException: Thread was being aborted.
   at System.Threading.Thread.AbortInternal()
   at System.Threading.Thread.Abort(Object stateInfo)
   at System.Web.HttpResponse.AbortCurrentThread()
   at System.Web.HttpResponse.End()
   at Gradual.Spider.PostTradingClientEngine.App_Codigo.PaginaBase.RotearRespostaAjax() in c:\Dev\Gradual\Gradual.Spider\Gradual.Spider.WebPositionClient\Gradual.Spider.PostTradingClientEngine\App_Codigo\PaginaBase.cs:line 245
   at Gradual.Spider.PostTradingClientEngine.App_Codigo.PaginaBase.RegistrarRespostasAjax(String[] pAcoes, ResponderAcaoAjaxDelegate[] pFuncoes) in c:\Dev\Gradual\Gradual.Spider\Gradual.Spider.WebPositionClient\Gradual.Spider.PostTradingClientEngine\App_Codigo\PaginaBase.cs:line 202
   at Gradual.Spider.PostTradingClientEngine.PositionClient.Page_Load(Object sender, EventArgs e) in c:\Dev\Gradual\Gradual.Spider\Gradual.Spider.WebPositionClient\Gradual.Spider.PostTradingClientEngine\PositionClient.aspx.cs:line 255
2017-09-21 10:10:24,614 [49] ERROR Gradual.Spider.PostTradingClientEngine.App_Codigo.PaginaBase - Erro encontrado no Load da positionClient->
System.Threading.ThreadAbortException: Thread was being aborted.
   at System.Threading.Thread.AbortInternal()
   at System.Threading.Thread.Abort(Object stateInfo)
   at System.Web.HttpResponse.AbortCurrentThread()
   at System.Web.HttpResponse.End()
   at Gradual.Spider.PostTradingClientEngine.App_Codigo.PaginaBase.RotearRespostaAjax() in c:\Dev\Gradual\Gradual.Spider\Gradual.Spider.WebPositionClient\Gradual.Spider.PostTradingClientEngine\App_Codigo\PaginaBase.cs:line 245
   at Gradual.Spider.PostTradingClientEngine.App_Codigo.PaginaBase.RegistrarRespostasAjax(String[] pAcoes, ResponderAcaoAjaxDelegate[] pFuncoes) in c:\Dev\Gradual\Gradual.Spider\Gradual.Spider.WebPositionClient\Gradual.Spider.PostTradingClientEngine\App_Codigo\PaginaBase.cs:line 202
   at Gradual.Spider.PostTradingClientEngine.PositionClient.Page_Load(Object sender, EventArgs e) in c:\Dev\Gradual\Gradual.Spider\Gradual.Spider.WebPositionClient\Gradual.Spider.PostTradingClientEngine\PositionClient.aspx.cs:line 255
2017-09-21 10:11:09,657 [58] ERROR Gradual.Spider.PostTradingClientEngine.App_Codigo.PaginaBase - Erro encontrado no Load da positionClient->
System.Threading.ThreadAbortException: Thread was being aborted.
   at System.Threading.Thread.AbortInternal()
   at System.Threading.Thread.Abort(Object stateInfo)
   at System.Web.HttpResponse.AbortCurrentThread()
   at System.Web.HttpResponse.End()
   at Gradual.Spider.PostTradingClientEngine.App_Codigo.PaginaBase.RotearRespostaAjax() in c:\Dev\Gradual\Gradual.Spider\Gradual.Spider.WebPositionClient\Gradual.Spider.PostTradingClientEngine\App_Codigo\PaginaBase.cs:line 245
   at Gradual.Spider.PostTradingClientEngine.App_Codigo.PaginaBase.RegistrarRespostasAjax(String[] pAcoes, ResponderAcaoAjaxDelegate[] pFuncoes) in c:\Dev\Gradual\Gradual.Spider\Gradual.Spider.WebPositionClient\Gradual.Spider.PostTradingClientEngine\App_Codigo\PaginaBase.cs:line 202
   at Gradual.Spider.PostTradingClientEngine.PositionClient.Page_Load(Object sender, EventArgs e) in c:\Dev\Gradual\Gradual.Spider\Gradual.Spider.WebPositionClient\Gradual.Spider.PostTradingClientEngine\PositionClient.aspx.cs:line 255
2017-09-21 10:11:54,707 [65] ERROR Gradual.Spider.PostTradingClientEngine.App_Codigo.PaginaBase - Erro encontrado no Load da positionClient->
System.Threading.ThreadAbortException: Thread was being aborted.
   at System.Threading.Thread.AbortInternal()
   at System.Threading.Thread.Abort(Object stateInfo)
   at System.Web.HttpResponse.AbortCurrentThread()
   at System.Web.HttpResponse.End()
   at Gradual.Spider.PostTradingClientEngine.App_Codigo.PaginaBase.RotearRespostaAjax() in c:\Dev\Gradual\Gradual.Spider\Gradual.Spider.WebPositionClient\Gradual.Spider.PostTradingClientEngine\App_Codigo\PaginaBase.cs:line 245
   at Gradual.Spider.PostTradingClientEngine.App_Codigo.PaginaBase.RegistrarRespostasAjax(String[] pAcoes, ResponderAcaoAjaxDelegate[] pFuncoes) in c:\Dev\Gradual\Gradual.Spider\Gradual.Spider.WebPositionClient\Gradual.Spider.PostTradingClientEngine\App_Codigo\PaginaBase.cs:line 202
   at Gradual.Spider.PostTradingClientEngine.PositionClient.Page_Load(Object sender, EventArgs e) in c:\Dev\Gradual\Gradual.Spider\Gradual.Spider.WebPositionClient\Gradual.Spider.PostTradingClientEngine\PositionClient.aspx.cs:line 255
2017-09-21 10:12:39,775 [61] ERROR Gradual.Spider.PostTradingClientEngine.App_Codigo.PaginaBase - Erro encontrado no Load da positionClient->
System.Threading.ThreadAbortException: Thread was being aborted.
   at System.Threading.Thread.AbortInternal()
   at System.Threading.Thread.Abort(Object stateInfo)
   at System.Web.HttpResponse.AbortCurrentThread()
   at System.Web.HttpResponse.End()
   at Gradual.Spider.PostTradingClientEngine.App_Codigo.PaginaBase.RotearRespostaAjax() in c:\Dev\Gradual\Gradual.Spider\Gradual.Spider.WebPositionClient\Gradual.Spider.PostTradingClientEngine\App_Codigo\PaginaBase.cs:line 245
   at Gradual.Spider.PostTradingClientEngine.App_Codigo.PaginaBase.RegistrarRespostasAjax(String[] pAcoes, ResponderAcaoAjaxDelegate[] pFuncoes) in c:\Dev\Gradual\Gradual.Spider\Gradual.Spider.WebPositionClient\Gradual.Spider.PostTradingClientEngine\App_Codigo\PaginaBase.cs:line 202
   at Gradual.Spider.PostTradingClientEngine.PositionClient.Page_Load(Object sender, EventArgs e) in c:\Dev\Gradual\Gradual.Spider\Gradual.Spider.WebPositionClient\Gradual.Spider.PostTradingClientEngine\PositionClient.aspx.cs:line 255
2017-09-21 10:13:24,842 [72] ERROR Gradual.Spider.PostTradingClientEngine.App_Codigo.PaginaBase - Erro encontrado no Load da positionClient->
System.Threading.ThreadAbortException: Thread was being aborted.
   at System.Threading.Thread.AbortInternal()
   at System.Threading.Thread.Abort(Object stateInfo)
   at System.Web.HttpResponse.AbortCurrentThread()
   at System.Web.HttpResponse.End()
   at Gradual.Spider.PostTradingClientEngine.App_Codigo.PaginaBase.RotearRespostaAjax() in c:\Dev\Gradual\Gradual.Spider\Gradual.Spider.WebPositionClient\Gradual.Spider.PostTradingClientEngine\App_Codigo\PaginaBase.cs:line 245
   at Gradual.Spider.PostTradingClientEngine.App_Codigo.PaginaBase.RegistrarRespostasAjax(String[] pAcoes, ResponderAcaoAjaxDelegate[] pFuncoes) in c:\Dev\Gradual\Gradual.Spider\Gradual.Spider.WebPositionClient\Gradual.Spider.PostTradingClientEngine\App_Codigo\PaginaBase.cs:line 202
   at Gradual.Spider.PostTradingClientEngine.PositionClient.Page_Load(Object sender, EventArgs e) in c:\Dev\Gradual\Gradual.Spider\Gradual.Spider.WebPositionClient\Gradual.Spider.PostTradingClientEngine\PositionClient.aspx.cs:line 255
2017-09-21 10:14:09,899 [79] ERROR Gradual.Spider.PostTradingClientEngine.App_Codigo.PaginaBase - Erro encontrado no Load da positionClient->
System.Threading.ThreadAbortException: Thread was being aborted.
   at System.Threading.Thread.AbortInternal()
   at System.Threading.Thread.Abort(Object stateInfo)
   at System.Web.HttpResponse.AbortCurrentThread()
   at System.Web.HttpResponse.End()
   at Gradual.Spider.PostTradingClientEngine.App_Codigo.PaginaBase.RotearRespostaAjax() in c:\Dev\Gradual\Gradual.Spider\Gradual.Spider.WebPositionClient\Gradual.Spider.PostTradingClientEngine\App_Codigo\PaginaBase.cs:line 245
   at Gradual.Spider.PostTradingClientEngine.App_Codigo.PaginaBase.RegistrarRespostasAjax(String[] pAcoes, ResponderAcaoAjaxDelegate[] pFuncoes) in c:\Dev\Gradual\Gradual.Spider\Gradual.Spider.WebPositionClient\Gradual.Spider.PostTradingClientEngine\App_Codigo\PaginaBase.cs:line 202
   at Gradual.Spider.PostTradingClientEngine.PositionClient.Page_Load(Object sender, EventArgs e) in c:\Dev\Gradual\Gradual.Spider\Gradual.Spider.WebPositionClient\Gradual.Spider.PostTradingClientEngine\PositionClient.aspx.cs:line 255
2017-09-21 10:14:56,320 [77] ERROR Gradual.Spider.PostTradingClientEngine.App_Codigo.PaginaBase - Erro encontrado no Load da positionClient->
System.Threading.ThreadAbortException: Thread was being aborted.
   at System.Threading.Thread.AbortInternal()
   at System.Threading.Thread.Abort(Object stateInfo)
   at System.Web.HttpResponse.AbortCurrentThread()
   at System.Web.HttpResponse.End()
   at Gradual.Spider.PostTradingClientEngine.App_Codigo.PaginaBase.RotearRespostaAjax() in c:\Dev\Gradual\Gradual.Spider\Gradual.Spider.WebPositionClient\Gradual.Spider.PostTradingClientEngine\App_Codigo\PaginaBase.cs:line 245
   at Gradual.Spider.PostTradingClientEngine.App_Codigo.PaginaBase.RegistrarRespostasAjax(String[] pAcoes, ResponderAcaoAjaxDelegate[] pFuncoes) in c:\Dev\Gradual\Gradual.Spider\Gradual.Spider.WebPositionClient\Gradual.Spider.PostTradingClientEngine\App_Codigo\PaginaBase.cs:line 202
   at Gradual.Spider.PostTradingClientEngine.PositionClient.Page_Load(Object sender, EventArgs e) in c:\Dev\Gradual\Gradual.Spider\Gradual.Spider.WebPositionClient\Gradual.Spider.PostTradingClientEngine\PositionClient.aspx.cs:line 255
2017-09-21 10:15:41,381 [82] ERROR Gradual.Spider.PostTradingClientEngine.App_Codigo.PaginaBase - Erro encontrado no Load da positionClient->
System.Threading.ThreadAbortException: Thread was being aborted.
   at System.Threading.Thread.AbortInternal()
   at System.Threading.Thread.Abort(Object stateInfo)
   at System.Web.HttpResponse.AbortCurrentThread()
   at System.Web.HttpResponse.End()
   at Gradual.Spider.PostTradingClientEngine.App_Codigo.PaginaBase.RotearRespostaAjax() in c:\Dev\Gradual\Gradual.Spider\Gradual.Spider.WebPositionClient\Gradual.Spider.PostTradingClientEngine\App_Codigo\PaginaBase.cs:line 245
   at Gradual.Spider.PostTradingClientEngine.App_Codigo.PaginaBase.RegistrarRespostasAjax(String[] pAcoes, ResponderAcaoAjaxDelegate[] pFuncoes) in c:\Dev\Gradual\Gradual.Spider\Gradual.Spider.WebPositionClient\Gradual.Spider.PostTradingClientEngine\App_Codigo\PaginaBase.cs:line 202
   at Gradual.Spider.PostTradingClientEngine.PositionClient.Page_Load(Object sender, EventArgs e) in c:\Dev\Gradual\Gradual.Spider\Gradual.Spider.WebPositionClient\Gradual.Spider.PostTradingClientEngine\PositionClient.aspx.cs:line 255
2017-09-21 10:16:26,435 [81] ERROR Gradual.Spider.PostTradingClientEngine.App_Codigo.PaginaBase - Erro encontrado no Load da positionClient->
System.Threading.ThreadAbortException: Thread was being aborted.
   at System.Threading.Thread.AbortInternal()
   at System.Threading.Thread.Abort(Object stateInfo)
   at System.Web.HttpResponse.AbortCurrentThread()
   at System.Web.HttpResponse.End()
   at Gradual.Spider.PostTradingClientEngine.App_Codigo.PaginaBase.RotearRespostaAjax() in c:\Dev\Gradual\Gradual.Spider\Gradual.Spider.WebPositionClient\Gradual.Spider.PostTradingClientEngine\App_Codigo\PaginaBase.cs:line 245
   at Gradual.Spider.PostTradingClientEngine.App_Codigo.PaginaBase.RegistrarRespostasAjax(String[] pAcoes, ResponderAcaoAjaxDelegate[] pFuncoes) in c:\Dev\Gradual\Gradual.Spider\Gradual.Spider.WebPositionClient\Gradual.Spider.PostTradingClientEngine\App_Codigo\PaginaBase.cs:line 202
   at Gradual.Spider.PostTradingClientEngine.PositionClient.Page_Load(Object sender, EventArgs e) in c:\Dev\Gradual\Gradual.Spider\Gradual.Spider.WebPositionClient\Gradual.Spider.PostTradingClientEngine\PositionClient.aspx.cs:line 255
2017-09-21 10:17:11,844 [94] ERROR Gradual.Spider.PostTradingClientEngine.App_Codigo.PaginaBase - Erro encontrado no Load da positionClient->
System.Threading.ThreadAbortException: Thread was being aborted.
   at System.Threading.Thread.AbortInternal()
   at System.Threading.Thread.Abort(Object stateInfo)
   at System.Web.HttpResponse.AbortCurrentThread()
   at System.Web.HttpResponse.End()
   at Gradual.Spider.PostTradingClientEngine.App_Codigo.PaginaBase.RotearRespostaAjax() in c:\Dev\Gradual\Gradual.Spider\Gradual.Spider.WebPositionClient\Gradual.Spider.PostTradingClientEngine\App_Codigo\PaginaBase.cs:line 245
   at Gradual.Spider.PostTradingClientEngine.App_Codigo.PaginaBase.RegistrarRespostasAjax(String[] pAcoes, ResponderAcaoAjaxDelegate[] pFuncoes) in c:\Dev\Gradual\Gradual.Spider\Gradual.Spider.WebPositionClient\Gradual.Spider.PostTradingClientEngine\App_Codigo\PaginaBase.cs:line 202
   at Gradual.Spider.PostTradingClientEngine.PositionClient.Page_Load(Object sender, EventArgs e) in c:\Dev\Gradual\Gradual.Spider\Gradual.Spider.WebPositionClient\Gradual.Spider.PostTradingClientEngine\PositionClient.aspx.cs:line 255
2017-09-21 10:17:57,835 [97] ERROR Gradual.Spider.PostTradingClientEngine.App_Codigo.PaginaBase - Erro encontrado no Load da positionClient->
System.Threading.ThreadAbortException: Thread was being aborted.
   at System.Threading.Thread.AbortInternal()
   at System.Threading.Thread.Abort(Object stateInfo)
   at System.Web.HttpResponse.AbortCurrentThread()
   at System.Web.HttpResponse.End()
   at Gradual.Spider.PostTradingClientEngine.App_Codigo.PaginaBase.RotearRespostaAjax() in c:\Dev\Gradual\Gradual.Spider\Gradual.Spider.WebPositionClient\Gradual.Spider.PostTradingClientEngine\App_Codigo\PaginaBase.cs:line 245
   at Gradual.Spider.PostTradingClientEngine.App_Codigo.PaginaBase.RegistrarRespostasAjax(String[] pAcoes, ResponderAcaoAjaxDelegate[] pFuncoes) in c:\Dev\Gradual\Gradual.Spider\Gradual.Spider.WebPositionClient\Gradual.Spider.PostTradingClientEngine\App_Codigo\PaginaBase.cs:line 202
   at Gradual.Spider.PostTradingClientEngine.PositionClient.Page_Load(Object sender, EventArgs e) in c:\Dev\Gradual\Gradual.Spider\Gradual.Spider.WebPositionClient\Gradual.Spider.PostTradingClientEngine\PositionClient.aspx.cs:line 255
2017-09-21 10:18:43,849 [101] ERROR Gradual.Spider.PostTradingClientEngine.App_Codigo.PaginaBase - Erro encontrado no Load da positionClient->
System.Threading.ThreadAbortException: Thread was being aborted.
   at System.Threading.Thread.AbortInternal()
   at System.Threading.Thread.Abort(Object stateInfo)
   at System.Web.HttpResponse.AbortCurrentThread()
   at System.Web.HttpResponse.End()
   at Gradual.Spider.PostTradingClientEngine.App_Codigo.PaginaBase.RotearRespostaAjax() in c:\Dev\Gradual\Gradual.Spider\Gradual.Spider.WebPositionClient\Gradual.Spider.PostTradingClientEngine\App_Codigo\PaginaBase.cs:line 245
   at Gradual.Spider.PostTradingClientEngine.App_Codigo.PaginaBase.RegistrarRespostasAjax(String[] pAcoes, ResponderAcaoAjaxDelegate[] pFuncoes) in c:\Dev\Gradual\Gradual.Spider\Gradual.Spider.WebPositionClient\Gradual.Spider.PostTradingClientEngine\App_Codigo\PaginaBase.cs:line 202
   at Gradual.Spider.PostTradingClientEngine.PositionClient.Page_Load(Object sender, EventArgs e) in c:\Dev\Gradual\Gradual.Spider\Gradual.Spider.WebPositionClient\Gradual.Spider.PostTradingClientEngine\PositionClient.aspx.cs:line 255
2017-09-21 10:19:29,844 [108] ERROR Gradual.Spider.PostTradingClientEngine.App_Codigo.PaginaBase - Erro encontrado no Load da positionClient->
System.Threading.ThreadAbortException: Thread was being aborted.
   at System.Threading.Thread.AbortInternal()
   at System.Threading.Thread.Abort(Object stateInfo)
   at System.Web.HttpResponse.AbortCurrentThread()
   at System.Web.HttpResponse.End()
   at Gradual.Spider.PostTradingClientEngine.App_Codigo.PaginaBase.RotearRespostaAjax() in c:\Dev\Gradual\Gradual.Spider\Gradual.Spider.WebPositionClient\Gradual.Spider.PostTradingClientEngine\App_Codigo\PaginaBase.cs:line 245
   at Gradual.Spider.PostTradingClientEngine.App_Codigo.PaginaBase.RegistrarRespostasAjax(String[] pAcoes, ResponderAcaoAjaxDelegate[] pFuncoes) in c:\Dev\Gradual\Gradual.Spider\Gradual.Spider.WebPositionClient\Gradual.Spider.PostTradingClientEngine\App_Codigo\PaginaBase.cs:line 202
   at Gradual.Spider.PostTradingClientEngine.PositionClient.Page_Load(Object sender, EventArgs e) in c:\Dev\Gradual\Gradual.Spider\Gradual.Spider.WebPositionClient\Gradual.Spider.PostTradingClientEngine\PositionClient.aspx.cs:line 255
2017-09-21 10:20:14,886 [109] ERROR Gradual.Spider.PostTradingClientEngine.App_Codigo.PaginaBase - Erro encontrado no Load da positionClient->
System.Threading.ThreadAbortException: Thread was being aborted.
   at System.Threading.Thread.AbortInternal()
   at System.Threading.Thread.Abort(Object stateInfo)
   at System.Web.HttpResponse.AbortCurrentThread()
   at System.Web.HttpResponse.End()
   at Gradual.Spider.PostTradingClientEngine.App_Codigo.PaginaBase.RotearRespostaAjax() in c:\Dev\Gradual\Gradual.Spider\Gradual.Spider.WebPositionClient\Gradual.Spider.PostTradingClientEngine\App_Codigo\PaginaBase.cs:line 245
   at Gradual.Spider.PostTradingClientEngine.App_Codigo.PaginaBase.RegistrarRespostasAjax(String[] pAcoes, ResponderAcaoAjaxDelegate[] pFuncoes) in c:\Dev\Gradual\Gradual.Spider\Gradual.Spider.WebPositionClient\Gradual.Spider.PostTradingClientEngine\App_Codigo\PaginaBase.cs:line 202
   at Gradual.Spider.PostTradingClientEngine.PositionClient.Page_Load(Object sender, EventArgs e) in c:\Dev\Gradual\Gradual.Spider\Gradual.Spider.WebPositionClient\Gradual.Spider.PostTradingClientEngine\PositionClient.aspx.cs:line 255
2017-09-21 10:20:59,943 [103] ERROR Gradual.Spider.PostTradingClientEngine.App_Codigo.PaginaBase - Erro encontrado no Load da positionClient->
System.Threading.ThreadAbortException: Thread was being aborted.
   at System.Threading.Thread.AbortInternal()
   at System.Threading.Thread.Abort(Object stateInfo)
   at System.Web.HttpResponse.AbortCurrentThread()
   at System.Web.HttpResponse.End()
   at Gradual.Spider.PostTradingClientEngine.App_Codigo.PaginaBase.RotearRespostaAjax() in c:\Dev\Gradual\Gradual.Spider\Gradual.Spider.WebPositionClient\Gradual.Spider.PostTradingClientEngine\App_Codigo\PaginaBase.cs:line 245
   at Gradual.Spider.PostTradingClientEngine.App_Codigo.PaginaBase.RegistrarRespostasAjax(String[] pAcoes, ResponderAcaoAjaxDelegate[] pFuncoes) in c:\Dev\Gradual\Gradual.Spider\Gradual.Spider.WebPositionClient\Gradual.Spider.PostTradingClientEngine\App_Codigo\PaginaBase.cs:line 202
   at Gradual.Spider.PostTradingClientEngine.PositionClient.Page_Load(Object sender, EventArgs e) in c:\Dev\Gradual\Gradual.Spider\Gradual.Spider.WebPositionClient\Gradual.Spider.PostTradingClientEngine\PositionClient.aspx.cs:line 255
2017-09-21 10:21:45,846 [112] ERROR Gradual.Spider.PostTradingClientEngine.App_Codigo.PaginaBase - Erro encontrado no Load da positionClient->
System.Threading.ThreadAbortException: Thread was being aborted.
   at System.Threading.Thread.AbortInternal()
   at System.Threading.Thread.Abort(Object stateInfo)
   at System.Web.HttpResponse.AbortCurrentThread()
   at System.Web.HttpResponse.End()
   at Gradual.Spider.PostTradingClientEngine.App_Codigo.PaginaBase.RotearRespostaAjax() in c:\Dev\Gradual\Gradual.Spider\Gradual.Spider.WebPositionClient\Gradual.Spider.PostTradingClientEngine\App_Codigo\PaginaBase.cs:line 245
   at Gradual.Spider.PostTradingClientEngine.App_Codigo.PaginaBase.RegistrarRespostasAjax(String[] pAcoes, ResponderAcaoAjaxDelegate[] pFuncoes) in c:\Dev\Gradual\Gradual.Spider\Gradual.Spider.WebPositionClient\Gradual.Spider.PostTradingClientEngine\App_Codigo\PaginaBase.cs:line 202
   at Gradual.Spider.PostTradingClientEngine.PositionClient.Page_Load(Object sender, EventArgs e) in c:\Dev\Gradual\Gradual.Spider\Gradual.Spider.WebPositionClient\Gradual.Spider.PostTradingClientEngine\PositionClient.aspx.cs:line 255
2017-09-21 10:22:31,846 [112] ERROR Gradual.Spider.PostTradingClientEngine.App_Codigo.PaginaBase - Erro encontrado no Load da positionClient->
System.Threading.ThreadAbortException: Thread was being aborted.
   at System.Threading.Thread.AbortInternal()
   at System.Threading.Thread.Abort(Object stateInfo)
   at System.Web.HttpResponse.AbortCurrentThread()
   at System.Web.HttpResponse.End()
   at Gradual.Spider.PostTradingClientEngine.App_Codigo.PaginaBase.RotearRespostaAjax() in c:\Dev\Gradual\Gradual.Spider\Gradual.Spider.WebPositionClient\Gradual.Spider.PostTradingClientEngine\App_Codigo\PaginaBase.cs:line 245
   at Gradual.Spider.PostTradingClientEngine.App_Codigo.PaginaBase.RegistrarRespostasAjax(String[] pAcoes, ResponderAcaoAjaxDelegate[] pFuncoes) in c:\Dev\Gradual\Gradual.Spider\Gradual.Spider.WebPositionClient\Gradual.Spider.PostTradingClientEngine\App_Codigo\PaginaBase.cs:line 202
   at Gradual.Spider.PostTradingClientEngine.PositionClient.Page_Load(Object sender, EventArgs e) in c:\Dev\Gradual\Gradual.Spider\Gradual.Spider.WebPositionClient\Gradual.Spider.PostTradingClientEngine\PositionClient.aspx.cs:line 255
2017-09-21 10:23:17,851 [113] ERROR Gradual.Spider.PostTradingClientEngine.App_Codigo.PaginaBase - Erro encontrado no Load da positionClient->
System.Threading.ThreadAbortException: Thread was being aborted.
   at System.Threading.Thread.AbortInternal()
   at System.Threading.Thread.Abort(Object stateInfo)
   at System.Web.HttpResponse.AbortCurrentThread()
   at System.Web.HttpResponse.End()
   at Gradual.Spider.PostTradingClientEngine.App_Codigo.PaginaBase.RotearRespostaAjax() in c:\Dev\Gradual\Gradual.Spider\Gradual.Spider.WebPositionClient\Gradual.Spider.PostTradingClientEngine\App_Codigo\PaginaBase.cs:line 245
   at Gradual.Spider.PostTradingClientEngine.App_Codigo.PaginaBase.RegistrarRespostasAjax(String[] pAcoes, ResponderAcaoAjaxDelegate[] pFuncoes) in c:\Dev\Gradual\Gradual.Spider\Gradual.Spider.WebPositionClient\Gradual.Spider.PostTradingClientEngine\App_Codigo\PaginaBase.cs:line 202
   at Gradual.Spider.PostTradingClientEngine.PositionClient.Page_Load(Object sender, EventArgs e) in c:\Dev\Gradual\Gradual.Spider\Gradual.Spider.WebPositionClient\Gradual.Spider.PostTradingClientEngine\PositionClient.aspx.cs:line 255
2017-09-21 10:24:03,841 [111] ERROR Gradual.Spider.PostTradingClientEngine.App_Codigo.PaginaBase - Erro encontrado no Load da positionClient->
System.Threading.ThreadAbortException: Thread was being aborted.
   at System.Threading.Thread.AbortInternal()
   at System.Threading.Thread.Abort(Object stateInfo)
   at System.Web.HttpResponse.AbortCurrentThread()
   at System.Web.HttpResponse.End()
   at Gradual.Spider.PostTradingClientEngine.App_Codigo.PaginaBase.RotearRespostaAjax() in c:\Dev\Gradual\Gradual.Spider\Gradual.Spider.WebPositionClient\Gradual.Spider.PostTradingClientEngine\App_Codigo\PaginaBase.cs:line 245
   at Gradual.Spider.PostTradingClientEngine.App_Codigo.PaginaBase.RegistrarRespostasAjax(String[] pAcoes, ResponderAcaoAjaxDelegate[] pFuncoes) in c:\Dev\Gradual\Gradual.Spider\Gradual.Spider.WebPositionClient\Gradual.Spider.PostTradingClientEngine\App_Codigo\PaginaBase.cs:line 202
   at Gradual.Spider.PostTradingClientEngine.PositionClient.Page_Load(Object sender, EventArgs e) in c:\Dev\Gradual\Gradual.Spider\Gradual.Spider.WebPositionClient\Gradual.Spider.PostTradingClientEngine\PositionClient.aspx.cs:line 255
2017-09-21 10:24:49,837 [111] ERROR Gradual.Spider.PostTradingClientEngine.App_Codigo.PaginaBase - Erro encontrado no Load da positionClient->
System.Threading.ThreadAbortException: Thread was being aborted.
   at System.Threading.Thread.AbortInternal()
   at System.Threading.Thread.Abort(Object stateInfo)
   at System.Web.HttpResponse.AbortCurrentThread()
   at System.Web.HttpResponse.End()
   at Gradual.Spider.PostTradingClientEngine.App_Codigo.PaginaBase.RotearRespostaAjax() in c:\Dev\Gradual\Gradual.Spider\Gradual.Spider.WebPositionClient\Gradual.Spider.PostTradingClientEngine\App_Codigo\PaginaBase.cs:line 245
   at Gradual.Spider.PostTradingClientEngine.App_Codigo.PaginaBase.RegistrarRespostasAjax(String[] pAcoes, ResponderAcaoAjaxDelegate[] pFuncoes) in c:\Dev\Gradual\Gradual.Spider\Gradual.Spider.WebPositionClient\Gradual.Spider.PostTradingClientEngine\App_Codigo\PaginaBase.cs:line 202
   at Gradual.Spider.PostTradingClientEngine.PositionClient.Page_Load(Object sender, EventArgs e) in c:\Dev\Gradual\Gradual.Spider\Gradual.Spider.WebPositionClient\Gradual.Spider.PostTradingClientEngine\PositionClient.aspx.cs:line 255
